<?xml version="1.0" encoding="UTF-8"?>
<testsuite xmlns:xsi="http://www.w3.org/2001/XMLSchema-instance" xsi:noNamespaceSchemaLocation="https://maven.apache.org/surefire/maven-surefire-plugin/xsd/surefire-test-report.xsd" name="com.sofe3980U.AppTest" time="1.614" tests="4" errors="0" skipped="0" failures="0">
  <properties>
[...]
</properties>
  <testcase name="testClustering" classname="com.sofe3980U.AppTest" time="0.898"/>
  <testcase name="testDensityBased" classname="com.sofe3980U.AppTest" time="0.684"/>
  <testcase name="testFarthestFirst" classname="com.sofe3980U.AppTest" time="0.003"/>
  <testcase name="testKMeans" classname="com.sofe3980U.AppTest" time="0.004"/>
</testsuite>